Heap:
 garbage-first heap   total 126976K, used 10606K [0x0000000084a00000, 0x0000000100000000)
  region size 1024K, 4 young (4096K), 4 survivors (4096K)
 Metaspace       used 13043K, capacity 13326K, committed 13440K, reserved 1069056K
  class space    used 1230K, capacity 1354K, committed 1408K, reserved 1048576K
GC Heap History (10 events):
Event: 323.532 GC heap before
{Heap before GC invocations=5 (full 0):
 garbage-first heap   total 126976K, used 81966K [0x0000000084a00000, 0x0000000100000000)
  region size 1024K, 74 young (75776K), 5 survivors (5120K)
 Metaspace       used 12664K, capacity 12941K, committed 13184K, reserved 1060864K
  class space    used 1230K, capacity 1354K, committed 1408K, reserved 1048576K
}
Event: 323.536 GC heap after
{Heap after GC invocations=6 (full 0):
 garbage-first heap   total 126976K, used 11423K [0x0000000084a00000, 0x0000000100000000)
  region size 1024K, 5 young (5120K), 5 survivors (5120K)
 Metaspace       used 12664K, capacity 12941K, committed 13184K, reserved 1060864K
  class space    used 1230K, capacity 1354K, committed 1408K, reserved 1048576K
}
Event: 399.232 GC heap before
{Heap before GC invocations=6 (full 0):
 garbage-first heap   total 126976K, used 82079K [0x0000000084a00000, 0x0000000100000000)
  region size 1024K, 74 young (75776K), 5 survivors (5120K)
 Metaspace       used 12752K, capacity 13070K, committed 13184K, reserved 1060864K
  class space    used 1230K, capacity 1354K, committed 1408K, reserved 1048576K
}
Event: 399.236 GC heap after
{Heap after GC invocations=7 (full 0):
 garbage-first heap   total 126976K, used 11473K [0x0000000084a00000, 0x0000000100000000)
  region size 1024K, 5 young (5120K), 5 survivors (5120K)
 Metaspace       used 12752K, capacity 13070K, committed 13184K, reserved 1060864K
  class space    used 1230K, capacity 1354K, committed 1408K, reserved 1048576K
}
Event: 473.406 GC heap before
{Heap before GC invocations=7 (full 0):
 garbage-first heap   total 126976K, used 82129K [0x0000000084a00000, 0x0000000100000000)
  region size 1024K, 74 young (75776K), 5 survivors (5120K)
 Metaspace       used 12878K, capacity 13198K, committed 13440K, reserved 1060864K
  class space    used 1230K, capacity 1354K, committed 1408K, reserved 1048576K
}
Event: 473.409 GC heap after
{Heap after GC invocations=8 (full 0):
 garbage-first heap   total 126976K, used 11630K [0x0000000084a00000, 0x0000000100000000)
  region size 1024K, 5 young (5120K), 5 survivors (5120K)
 Metaspace       used 12878K, capacity 13198K, committed 13440K, reserved 1060864K
  class space    used 1230K, capacity 1354K, committed 1408K, reserved 1048576K
}
Event: 562.287 GC heap before
{Heap before GC invocations=8 (full 0):
 garbage-first heap   total 126976K, used 82286K [0x0000000084a00000, 0x0000000100000000)
  region size 1024K, 74 young (75776K), 5 survivors (5120K)
 Metaspace       used 12945K, capacity 13262K, committed 13440K, reserved 1060864K
  class space    used 1230K, capacity 1354K, committed 1408K, reserved 1048576K
}
Event: 562.291 GC heap after
{Heap after GC invocations=9 (full 0):
 garbage-first heap   total 126976K, used 11945K [0x0000000084a00000, 0x0000000100000000)
  region size 1024K, 6 young (6144K), 6 survivors (6144K)
 Metaspace       used 12945K, capacity 13262K, committed 13440K, reserved 1060864K
  class space    used 1230K, capacity 1354K, committed 1408K, reserved 1048576K
}
Event: 655.431 GC heap before
{Heap before GC invocations=9 (full 0):
 garbage-first heap   total 126976K, used 64169K [0x0000000084a00000, 0x0000000100000000)
  region size 1024K, 59 young (60416K), 6 survivors (6144K)
 Metaspace       used 13043K, capacity 13326K, committed 13440K, reserved 1067008K
  class space    used 1230K, capacity 1354K, committed 1408K, reserved 1048576K
}
Event: 655.437 GC heap after
{Heap after GC invocations=10 (full 0):
 garbage-first heap   total 126976K, used 10606K [0x0000000084a00000, 0x0000000100000000)
  region size 1024K, 4 young (4096K), 4 survivors (4096K)
 Metaspace       used 13043K, capacity 13326K, committed 13440K, reserved 1067008K
  class space    used 1230K, capacity 1354K, committed 1408K, reserved 1048576K
}

